<?xml version="1.0" encoding="UTF-8"?>
<testng-results skipped="0" failed="2" total="3" passed="1">
  <reporter-output>
  </reporter-output>
  <suite name="Default suite" duration-ms="13206" started-at="2021-06-19T20:45:21Z" finished-at="2021-06-19T20:45:34Z">
    <groups>
    </groups>
    <test name="Default test" duration-ms="13206" started-at="2021-06-19T20:45:21Z" finished-at="2021-06-19T20:45:34Z">
      <class name="Home_Work_Foure_Scripts.YahooTestNG">
        <test-method status="PASS" signature="beforeTest()[pri:0, instance:Home_Work_Foure_Scripts.YahooTestNG@70be0a2b]" name="beforeTest" is-config="true" duration-ms="2656" started-at="2021-06-19T16:45:21Z" finished-at="2021-06-19T16:45:24Z">
          <reporter-output>
          </reporter-output>
        </test-method> <!-- beforeTest -->
        <test-method status="PASS" signature="ScreenShots()[pri:0, instance:Home_Work_Foure_Scripts.YahooTestNG@70be0a2b]" name="ScreenShots" is-config="true" duration-ms="352" started-at="2021-06-19T16:45:24Z" finished-at="2021-06-19T16:45:24Z">
          <reporter-output>
          </reporter-output>
        </test-method> <!-- ScreenShots -->
        <test-method status="PASS" signature="Signup()[pri:0, instance:Home_Work_Foure_Scripts.YahooTestNG@70be0a2b]" name="Signup" duration-ms="2393" started-at="2021-06-19T16:45:24Z" finished-at="2021-06-19T16:45:27Z">
          <reporter-output>
          </reporter-output>
        </test-method> <!-- Signup -->
        <test-method status="PASS" signature="ScreenShots()[pri:0, instance:Home_Work_Foure_Scripts.YahooTestNG@70be0a2b]" name="ScreenShots" is-config="true" duration-ms="309" started-at="2021-06-19T16:45:27Z" finished-at="2021-06-19T16:45:27Z">
          <reporter-output>
          </reporter-output>
        </test-method> <!-- ScreenShots -->
        <test-method status="FAIL" signature="PhoneNumber()[pri:1, instance:Home_Work_Foure_Scripts.YahooTestNG@70be0a2b]" name="PhoneNumber" duration-ms="3949" started-at="2021-06-19T16:45:27Z" finished-at="2021-06-19T16:45:31Z">
          <exception class="org.openqa.selenium.NoSuchElementException">
            <message>
              <![CDATA[Cannot locate option with index: 0
For documentation on this error, please visit: http://seleniumhq.org/exceptions/no_such_element.html
Build info: version: '2.53.0', revision: '35ae25b', time: '2016-03-15 17:00:58'
System info: host: 'DESKTOP-1E9O627', ip: '192.168.1.159', os.name: 'Windows 10', os.arch: 'amd64', os.version: '10.0', java.version: '1.8.0_291'
Driver info: driver.version: unknown]]>
            </message>
            <full-stacktrace>
              <![CDATA[org.openqa.selenium.NoSuchElementException: Cannot locate option with index: 0
For documentation on this error, please visit: http://seleniumhq.org/exceptions/no_such_element.html
Build info: version: '2.53.0', revision: '35ae25b', time: '2016-03-15 17:00:58'
System info: host: 'DESKTOP-1E9O627', ip: '192.168.1.159', os.name: 'Windows 10', os.arch: 'amd64', os.version: '10.0', java.version: '1.8.0_291'
Driver info: driver.version: unknown
	at org.openqa.selenium.support.ui.Select.selectByIndex(Select.java:182)
	at Home_Work_Foure_Scripts.YahooTestNG.PhoneNumber(YahooTestNG.java:58)
	at sun.reflect.NativeMethodAccessorImpl.invoke0(Native Method)
	at sun.reflect.NativeMethodAccessorImpl.invoke(Unknown Source)
	at sun.reflect.DelegatingMethodAccessorImpl.invoke(Unknown Source)
	at java.lang.reflect.Method.invoke(Unknown Source)
	at org.testng.internal.MethodInvocationHelper.invokeMethod(MethodInvocationHelper.java:85)
	at org.testng.internal.Invoker.invokeMethod(Invoker.java:639)
	at org.testng.internal.Invoker.invokeTestMethod(Invoker.java:816)
	at org.testng.internal.Invoker.invokeTestMethods(Invoker.java:1124)
	at org.testng.internal.TestMethodWorker.invokeTestMethods(TestMethodWorker.java:125)
	at org.testng.internal.TestMethodWorker.run(TestMethodWorker.java:108)
	at org.testng.TestRunner.privateRun(TestRunner.java:774)
	at org.testng.TestRunner.run(TestRunner.java:624)
	at org.testng.SuiteRunner.runTest(SuiteRunner.java:359)
	at org.testng.SuiteRunner.runSequentially(SuiteRunner.java:354)
	at org.testng.SuiteRunner.privateRun(SuiteRunner.java:312)
	at org.testng.SuiteRunner.run(SuiteRunner.java:261)
	at org.testng.SuiteRunnerWorker.runSuite(SuiteRunnerWorker.java:52)
	at org.testng.SuiteRunnerWorker.run(SuiteRunnerWorker.java:86)
	at org.testng.TestNG.runSuitesSequentially(TestNG.java:1215)
	at org.testng.TestNG.runSuitesLocally(TestNG.java:1140)
	at org.testng.TestNG.run(TestNG.java:1048)
	at org.testng.remote.AbstractRemoteTestNG.run(AbstractRemoteTestNG.java:115)
	at org.testng.remote.RemoteTestNG.initAndRun(RemoteTestNG.java:251)
	at org.testng.remote.RemoteTestNG.main(RemoteTestNG.java:77)
]]>
            </full-stacktrace>
          </exception> <!-- org.openqa.selenium.NoSuchElementException -->
          <reporter-output>
          </reporter-output>
        </test-method> <!-- PhoneNumber -->
        <test-method status="PASS" signature="ScreenShots()[pri:0, instance:Home_Work_Foure_Scripts.YahooTestNG@70be0a2b]" name="ScreenShots" is-config="true" duration-ms="276" started-at="2021-06-19T16:45:31Z" finished-at="2021-06-19T16:45:31Z">
          <reporter-output>
          </reporter-output>
        </test-method> <!-- ScreenShots -->
        <test-method status="FAIL" signature="Dateofbarth()[pri:2, instance:Home_Work_Foure_Scripts.YahooTestNG@70be0a2b]" name="Dateofbarth" duration-ms="278" started-at="2021-06-19T16:45:31Z" finished-at="2021-06-19T16:45:32Z">
          <exception class="org.openqa.selenium.NoSuchElementException">
            <message>
              <![CDATA[Cannot locate option with index: 5
For documentation on this error, please visit: http://seleniumhq.org/exceptions/no_such_element.html
Build info: version: '2.53.0', revision: '35ae25b', time: '2016-03-15 17:00:58'
System info: host: 'DESKTOP-1E9O627', ip: '192.168.1.159', os.name: 'Windows 10', os.arch: 'amd64', os.version: '10.0', java.version: '1.8.0_291'
Driver info: driver.version: unknown]]>
            </message>
            <full-stacktrace>
              <![CDATA[org.openqa.selenium.NoSuchElementException: Cannot locate option with index: 5
For documentation on this error, please visit: http://seleniumhq.org/exceptions/no_such_element.html
Build info: version: '2.53.0', revision: '35ae25b', time: '2016-03-15 17:00:58'
System info: host: 'DESKTOP-1E9O627', ip: '192.168.1.159', os.name: 'Windows 10', os.arch: 'amd64', os.version: '10.0', java.version: '1.8.0_291'
Driver info: driver.version: unknown
	at org.openqa.selenium.support.ui.Select.selectByIndex(Select.java:182)
	at Home_Work_Foure_Scripts.YahooTestNG.Dateofbarth(YahooTestNG.java:67)
	at sun.reflect.NativeMethodAccessorImpl.invoke0(Native Method)
	at sun.reflect.NativeMethodAccessorImpl.invoke(Unknown Source)
	at sun.reflect.DelegatingMethodAccessorImpl.invoke(Unknown Source)
	at java.lang.reflect.Method.invoke(Unknown Source)
	at org.testng.internal.MethodInvocationHelper.invokeMethod(MethodInvocationHelper.java:85)
	at org.testng.internal.Invoker.invokeMethod(Invoker.java:639)
	at org.testng.internal.Invoker.invokeTestMethod(Invoker.java:816)
	at org.testng.internal.Invoker.invokeTestMethods(Invoker.java:1124)
	at org.testng.internal.TestMethodWorker.invokeTestMethods(TestMethodWorker.java:125)
	at org.testng.internal.TestMethodWorker.run(TestMethodWorker.java:108)
	at org.testng.TestRunner.privateRun(TestRunner.java:774)
	at org.testng.TestRunner.run(TestRunner.java:624)
	at org.testng.SuiteRunner.runTest(SuiteRunner.java:359)
	at org.testng.SuiteRunner.runSequentially(SuiteRunner.java:354)
	at org.testng.SuiteRunner.privateRun(SuiteRunner.java:312)
	at org.testng.SuiteRunner.run(SuiteRunner.java:261)
	at org.testng.SuiteRunnerWorker.runSuite(SuiteRunnerWorker.java:52)
	at org.testng.SuiteRunnerWorker.run(SuiteRunnerWorker.java:86)
	at org.testng.TestNG.runSuitesSequentially(TestNG.java:1215)
	at org.testng.TestNG.runSuitesLocally(TestNG.java:1140)
	at org.testng.TestNG.run(TestNG.java:1048)
	at org.testng.remote.AbstractRemoteTestNG.run(AbstractRemoteTestNG.java:115)
	at org.testng.remote.RemoteTestNG.initAndRun(RemoteTestNG.java:251)
	at org.testng.remote.RemoteTestNG.main(RemoteTestNG.java:77)
]]>
            </full-stacktrace>
          </exception> <!-- org.openqa.selenium.NoSuchElementException -->
          <reporter-output>
          </reporter-output>
        </test-method> <!-- Dateofbarth -->
        <test-method status="PASS" signature="SignUpTest()[pri:0, instance:Home_Work_Foure_Scripts.YahooTestNG@70be0a2b]" name="SignUpTest" is-config="true" duration-ms="2970" started-at="2021-06-19T16:45:32Z" finished-at="2021-06-19T16:45:34Z">
          <reporter-output>
          </reporter-output>
        </test-method> <!-- SignUpTest -->
      </class> <!-- Home_Work_Foure_Scripts.YahooTestNG -->
    </test> <!-- Default test -->
  </suite> <!-- Default suite -->
</testng-results>
